/home/robotics/workspace2/team15_ws/install/send_script/lib/python3.6/site-packages/send_script/__init__.py
/home/robotics/workspace2/team15_ws/install/send_script/lib/python3.6/site-packages/send_script/image_sub.py
/home/robotics/workspace2/team15_ws/install/send_script/lib/python3.6/site-packages/send_script/portrait_capturer.py
/home/robotics/workspace2/team15_ws/install/send_script/lib/python3.6/site-packages/send_script/send_script.py
/home/robotics/workspace2/team15_ws/install/send_script/lib/python3.6/site-packages/send_script/point_to_ros1.py
/home/robotics/workspace2/team15_ws/install/send_script/lib/python3.6/site-packages/send_script/__pycache__/__init__.cpython-36.pyc
/home/robotics/workspace2/team15_ws/install/send_script/lib/python3.6/site-packages/send_script/__pycache__/image_sub.cpython-36.pyc
/home/robotics/workspace2/team15_ws/install/send_script/lib/python3.6/site-packages/send_script/__pycache__/portrait_capturer.cpython-36.pyc
/home/robotics/workspace2/team15_ws/install/send_script/lib/python3.6/site-packages/send_script/__pycache__/send_script.cpython-36.pyc
/home/robotics/workspace2/team15_ws/install/send_script/lib/python3.6/site-packages/send_script/__pycache__/point_to_ros1.cpython-36.pyc
/home/robotics/workspace2/team15_ws/install/send_script/share/ament_index/resource_index/packages/send_script
/home/robotics/workspace2/team15_ws/install/send_script/share/send_script/package.xml
/home/robotics/workspace2/team15_ws/install/send_script/lib/python3.6/site-packages/send_script-0.0.0-py3.6.egg-info/SOURCES.txt
/home/robotics/workspace2/team15_ws/install/send_script/lib/python3.6/site-packages/send_script-0.0.0-py3.6.egg-info/PKG-INFO
/home/robotics/workspace2/team15_ws/install/send_script/lib/python3.6/site-packages/send_script-0.0.0-py3.6.egg-info/dependency_links.txt
/home/robotics/workspace2/team15_ws/install/send_script/lib/python3.6/site-packages/send_script-0.0.0-py3.6.egg-info/entry_points.txt
/home/robotics/workspace2/team15_ws/install/send_script/lib/python3.6/site-packages/send_script-0.0.0-py3.6.egg-info/zip-safe
/home/robotics/workspace2/team15_ws/install/send_script/lib/python3.6/site-packages/send_script-0.0.0-py3.6.egg-info/top_level.txt
/home/robotics/workspace2/team15_ws/install/send_script/lib/python3.6/site-packages/send_script-0.0.0-py3.6.egg-info/requires.txt
/home/robotics/workspace2/team15_ws/install/send_script/lib/send_script/img_sub
/home/robotics/workspace2/team15_ws/install/send_script/lib/send_script/send_script
